<?xml version="1.0" encoding="UTF-8"?>
<!-- Generated by org.testng.reporters.JUnitReportReporter -->
<testsuite skipped="0" hostname="VijayaSachinLaptop" name="com.qa.testcases.DemoTest2" tests="4" failures="0" timestamp="2020-06-06T22:00:59 IST" time="0.026" errors="0">
  <testcase name="sum" time="0.009" classname="com.qa.testcases.DemoTest2"/>
  <system-out/>
  <testcase name="multi" time="0.003" classname="com.qa.testcases.DemoTest2"/>
  <system-out/>
  <testcase name="sub" time="0.007" classname="com.qa.testcases.DemoTest2"/>
  <system-out/>
  <testcase name="div" time="0.007" classname="com.qa.testcases.DemoTest2"/>
  <system-out/>
</testsuite> <!-- com.qa.testcases.DemoTest2 -->
