<?xml version="1.0" encoding="UTF-8"?>
<!-- Generated by org.testng.reporters.JUnitReportReporter -->
<testsuite skipped="0" hostname="VijayaSachinLaptop" name="com.qa.testcases.ExtraLocators" tests="1" failures="0" timestamp="2020-06-07T16:22:18 IST" time="47.179" errors="0">
  <testcase name="extraLoc" time="47.179" classname="com.qa.testcases.ExtraLocators"/>
  <system-out/>
</testsuite> <!-- com.qa.testcases.ExtraLocators -->
