<?xml version="1.0" encoding="UTF-8"?>
<!-- Generated by org.testng.reporters.JUnitReportReporter -->
<testsuite skipped="0" hostname="VijayaSachinLaptop" name="com.qa.testcases.AutoCompleteTextBox" tests="1" failures="0" timestamp="2020-06-09T21:14:41 IST" time="63.439" errors="0">
  <testcase name="autoSearch" time="63.439" classname="com.qa.testcases.AutoCompleteTextBox"/>
  <system-out/>
</testsuite> <!-- com.qa.testcases.AutoCompleteTextBox -->
