<?xml version="1.0" encoding="UTF-8"?>
<!-- Generated by org.testng.reporters.JUnitReportReporter -->
<testsuite skipped="0" hostname="VijayaSachinLaptop" name="com.qa.testcases.LaunchGoogle" tests="1" failures="0" timestamp="2020-06-08T23:06:07 IST" time="18.817" errors="0">
  <testcase name="launchGoogle" time="18.817" classname="com.qa.testcases.LaunchGoogle"/>
  <system-out/>
</testsuite> <!-- com.qa.testcases.LaunchGoogle -->
