<?xml version="1.0" encoding="UTF-8"?>
<!-- Generated by org.testng.reporters.JUnitReportReporter -->
<testsuite skipped="0" hostname="VijayaSachinLaptop" name="com.qa.testcases.DemoTest" tests="4" failures="0" timestamp="2020-06-06T22:00:59 IST" time="0.072" errors="0">
  <testcase name="sum" time="0.008" classname="com.qa.testcases.DemoTest"/>
  <system-out/>
  <testcase name="multi" time="0.006" classname="com.qa.testcases.DemoTest"/>
  <system-out/>
  <testcase name="div" time="0.049" classname="com.qa.testcases.DemoTest"/>
  <system-out/>
  <testcase name="sub" time="0.009" classname="com.qa.testcases.DemoTest"/>
  <system-out/>
</testsuite> <!-- com.qa.testcases.DemoTest -->
