<?xml version="1.0" encoding="UTF-8"?>
<!-- Generated by org.testng.reporters.JUnitReportReporter -->
<testsuite skipped="0" hostname="VijayaSachinLaptop" name="com.qa.testcases.windowsAuthentication" tests="1" failures="0" timestamp="2020-06-08T00:00:48 IST" time="22.135" errors="0">
  <testcase name="authenticateWindow" time="22.135" classname="com.qa.testcases.windowsAuthentication"/>
  <system-out/>
</testsuite> <!-- com.qa.testcases.windowsAuthentication -->
