<?xml version="1.0" encoding="UTF-8"?>
<!-- Generated by org.testng.reporters.JUnitReportReporter -->
<testsuite skipped="0" hostname="VijayaSachinLaptop" name="com.qa.testcases.GetFontProperties" tests="2" failures="0" timestamp="2020-06-09T12:34:42 IST" time="54.741" errors="0">
  <testcase name="tearDown" time="15.382" classname="com.qa.testcases.GetFontProperties"/>
  <system-out/>
  <testcase name="getFontProp" time="39.359" classname="com.qa.testcases.GetFontProperties"/>
  <system-out/>
</testsuite> <!-- com.qa.testcases.GetFontProperties -->
