<?xml version="1.0" encoding="UTF-8"?>
<!-- Generated by org.testng.reporters.JUnitReportReporter -->
<testsuite skipped="0" hostname="VijayaSachinLaptop" name="com.qa.testcases.yahooMailTest" tests="2" failures="0" timestamp="2020-06-15T11:39:02 IST" time="0.025" errors="0">
  <testcase name="deleteMail" time="0.005" classname="com.qa.testcases.yahooMailTest"/>
  <system-out/>
  <testcase name="composeMail" time="0.020" classname="com.qa.testcases.yahooMailTest"/>
  <system-out/>
</testsuite> <!-- com.qa.testcases.yahooMailTest -->
