<?xml version="1.0" encoding="UTF-8"?>
<!-- Generated by org.testng.reporters.JUnitReportReporter -->
<testsuite skipped="0" hostname="VijayaSachinLaptop" name="com.qa.testcases.ClickHiddenLink" tests="1" failures="0" timestamp="2020-06-09T17:23:13 IST" time="34.080" errors="0">
  <testcase name="clickHiddenLinks" time="34.080" classname="com.qa.testcases.ClickHiddenLink"/>
  <system-out/>
</testsuite> <!-- com.qa.testcases.ClickHiddenLink -->
