<?xml version="1.0" encoding="UTF-8"?>
<!-- Generated by org.testng.reporters.JUnitReportReporter -->
<testsuite skipped="0" hostname="VijayaSachinLaptop" name="com.qa.testcases.NumberOfLinks" tests="1" failures="0" timestamp="2020-06-08T16:58:26 IST" time="24.594" errors="0">
  <testcase name="findLinks" time="24.594" classname="com.qa.testcases.NumberOfLinks"/>
  <system-out/>
</testsuite> <!-- com.qa.testcases.NumberOfLinks -->
