<?xml version="1.0" encoding="UTF-8"?>
<!-- Generated by org.testng.reporters.JUnitReportReporter -->
<testsuite skipped="0" hostname="VijayaSachinLaptop" name="com.qa.testcases.javascriptDemo" tests="1" failures="0" timestamp="2020-06-08T14:43:00 IST" time="34.404" errors="0">
  <testcase name="inputWithJavaScript" time="34.404" classname="com.qa.testcases.javascriptDemo"/>
  <system-out/>
</testsuite> <!-- com.qa.testcases.javascriptDemo -->
