<?xml version="1.0" encoding="UTF-8"?>
<!-- Generated by org.testng.reporters.JUnitReportReporter -->
<testsuite skipped="0" hostname="VijayaSachinLaptop" name="com.qa.testcases.WebTable" tests="1" failures="0" timestamp="2020-06-10T14:34:29 IST" time="102.539" errors="0">
  <testcase name="handleWebtable" time="102.539" classname="com.qa.testcases.WebTable"/>
  <system-out/>
</testsuite> <!-- com.qa.testcases.WebTable -->
