<?xml version="1.0" encoding="UTF-8"?>
<!-- Generated by org.testng.reporters.JUnitReportReporter -->
<testsuite skipped="1" hostname="VijayaSachinLaptop" name="com.qa.testcases.ebay_DataProvider" tests="1" failures="0" timestamp="2020-06-12T17:42:48 IST" time="0.000" errors="0">
  <testcase name="signUpTest" time="0.000" classname="com.qa.testcases.ebay_DataProvider">
    <skipped/>
  </testcase> <!-- signUpTest -->
  <system-out/>
</testsuite> <!-- com.qa.testcases.ebay_DataProvider -->
