<?xml version="1.0" encoding="UTF-8"?>
<!-- Generated by org.testng.reporters.JUnitReportReporter -->
<testsuite skipped="0" hostname="VijayaSachinLaptop" name="com.qa.testcases.DemoTest" tests="4" failures="0" timestamp="2020-06-02T20:41:32 IST" time="0.202" errors="0">
  <testcase name="sub" time="0.004" classname="com.qa.testcases.DemoTest"/>
  <system-out/>
  <testcase name="div" time="0.130" classname="com.qa.testcases.DemoTest"/>
  <system-out/>
  <testcase name="multi" time="0.064" classname="com.qa.testcases.DemoTest"/>
  <system-out/>
  <testcase name="sum" time="0.004" classname="com.qa.testcases.DemoTest"/>
  <system-out/>
</testsuite> <!-- com.qa.testcases.DemoTest -->
