<?xml version="1.0" encoding="UTF-8"?>
<!-- Generated by org.testng.reporters.JUnitReportReporter -->
<testsuite skipped="0" hostname="VijayaSachinLaptop" name="com.qa.testcases.LaunchGoogle" tests="1" failures="0" timestamp="2020-06-06T22:46:43 IST" time="33.236" errors="0">
  <testcase name="launchGoogle" time="33.236" classname="com.qa.testcases.LaunchGoogle"/>
  <system-out/>
</testsuite> <!-- com.qa.testcases.LaunchGoogle -->
