<?xml version="1.0" encoding="UTF-8"?>
<!-- Generated by org.testng.reporters.JUnitReportReporter -->
<testsuite skipped="0" hostname="VijayaSachinLaptop" name="com.qa.testcases.DemoTest" tests="4" failures="0" timestamp="2020-06-06T22:46:43 IST" time="0.050" errors="0">
  <testcase name="div" time="0.044" classname="com.qa.testcases.DemoTest"/>
  <system-out/>
  <testcase name="sum" time="0.000" classname="com.qa.testcases.DemoTest"/>
  <system-out/>
  <testcase name="multi" time="0.004" classname="com.qa.testcases.DemoTest"/>
  <system-out/>
  <testcase name="sub" time="0.002" classname="com.qa.testcases.DemoTest"/>
  <system-out/>
</testsuite> <!-- com.qa.testcases.DemoTest -->
