<?xml version="1.0" encoding="UTF-8"?>
<!-- Generated by org.testng.reporters.JUnitReportReporter -->
<testsuite skipped="0" hostname="VijayaSachinLaptop" name="com.qa.testcases.DemoTest2" tests="4" failures="0" timestamp="2020-06-02T20:41:32 IST" time="0.000" errors="0">
  <testcase name="sum" time="0.000" classname="com.qa.testcases.DemoTest2"/>
  <system-out/>
  <testcase name="div" time="0.000" classname="com.qa.testcases.DemoTest2"/>
  <system-out/>
  <testcase name="sub" time="0.000" classname="com.qa.testcases.DemoTest2"/>
  <system-out/>
  <testcase name="multi" time="0.000" classname="com.qa.testcases.DemoTest2"/>
  <system-out/>
</testsuite> <!-- com.qa.testcases.DemoTest2 -->
